# JRE version: Java(TM) SE Runtime Environment (7.0_71-b14) (build 1.7.0_71-b14)
# Java VM: Java HotSpot(TM) Client VM (24.71-b01 mixed mode, sharing windows-x86 )
Heap
 def new generation   total 23104K, used 20544K [0x24200000, 0x25b10000, 0x29750000)
  eden space 20544K, 100% used [0x24200000, 0x25610000, 0x25610000)
  from space 2560K,   0% used [0x25610000, 0x25610000, 0x25890000)
  to   space 2560K, 100% used [0x25890000, 0x25b10000, 0x25b10000)
 tenured generation   total 53372K, used 53372K [0x29750000, 0x2cb6f000, 0x34200000)
   the space 53372K, 100% used [0x29750000, 0x2cb6f000, 0x2cb6f000, 0x2cb6f000)
 compacting perm gen  total 12288K, used 1782K [0x34200000, 0x34e00000, 0x38200000)
   the space 12288K,  14% used [0x34200000, 0x343bd938, 0x343bda00, 0x34e00000)
    ro space 10240K,  44% used [0x38200000, 0x3867aee0, 0x3867b000, 0x38c00000)
    rw space 12288K,  52% used [0x38c00000, 0x39242e10, 0x39243000, 0x39800000)
GC Heap History (10 events):
Event: 3.084 GC heap after
Heap after GC invocations=35 (full 3):
 def new generation   total 22016K, used 2431K [0x24200000, 0x259e0000, 0x29750000)
  eden space 19584K,   0% used [0x24200000, 0x24200000, 0x25520000)
  from space 2432K,  99% used [0x25780000, 0x259dfff8, 0x259e0000)
  to   space 2432K,   0% used [0x25520000, 0x25520000, 0x25780000)
 tenured generation   total 48860K, used 42723K [0x29750000, 0x2c707000, 0x34200000)
   the space 48860K,  87% used [0x29750000, 0x2c108fe0, 0x2c109000, 0x2c707000)
 compacting perm gen  total 12288K, used 1784K [0x34200000, 0x34e00000, 0x38200000)
   the space 12288K,  14% used [0x34200000, 0x343be1a0, 0x343be200, 0x34e00000)
    ro space 10240K,  44% used [0x38200000, 0x3867aee0, 0x3867b000, 0x38c00000)
    rw space 12288K,  52% used [0x38c00000, 0x39242e10, 0x39243000, 0x39800000)
}
Event: 3.185 GC heap before
{Heap before GC invocations=35 (full 3):
 def new generation   total 22016K, used 22015K [0x24200000, 0x259e0000, 0x29750000)
  eden space 19584K, 100% used [0x24200000, 0x25520000, 0x25520000)
  from space 2432K,  99% used [0x25780000, 0x259dfff8, 0x259e0000)
  to   space 2432K,   0% used [0x25520000, 0x25520000, 0x25780000)
 tenured generation   total 48860K, used 42723K [0x29750000, 0x2c707000, 0x34200000)
   the space 48860K,  87% used [0x29750000, 0x2c108fe0, 0x2c109000, 0x2c707000)
 compacting perm gen  total 12288K, used 1784K [0x34200000, 0x34e00000, 0x38200000)
   the space 12288K,  14% used [0x34200000, 0x343be1b0, 0x343be200, 0x34e00000)
    ro space 10240K,  44% used [0x38200000, 0x3867aee0, 0x3867b000, 0x38c00000)
    rw space 12288K,  52% used [0x38c00000, 0x39242e10, 0x39243000, 0x39800000)
Event: 3.207 GC heap after
Heap after GC invocations=36 (full 3):
 def new generation   total 22016K, used 2431K [0x24200000, 0x259e0000, 0x29750000)
  eden space 19584K,   0% used [0x24200000, 0x24200000, 0x25520000)
  from space 2432K,  99% used [0x25520000, 0x2577fff8, 0x25780000)
  to   space 2432K,   0% used [0x25780000, 0x25780000, 0x259e0000)
 tenured generation   total 48860K, used 45446K [0x29750000, 0x2c707000, 0x34200000)
   the space 48860K,  93% used [0x29750000, 0x2c3b19b8, 0x2c3b1a00, 0x2c707000)
 compacting perm gen  total 12288K, used 1784K [0x34200000, 0x34e00000, 0x38200000)
   the space 12288K,  14% used [0x34200000, 0x343be1b0, 0x343be200, 0x34e00000)
    ro space 10240K,  44% used [0x38200000, 0x3867aee0, 0x3867b000, 0x38c00000)
    rw space 12288K,  52% used [0x38c00000, 0x39242e10, 0x39243000, 0x39800000)
}
Event: 3.331 GC heap before
{Heap before GC invocations=36 (full 3):
 def new generation   total 22016K, used 22015K [0x24200000, 0x259e0000, 0x29750000)
  eden space 19584K, 100% used [0x24200000, 0x25520000, 0x25520000)
  from space 2432K,  99% used [0x25520000, 0x2577fff8, 0x25780000)
  to   space 2432K,   0% used [0x25780000, 0x25780000, 0x259e0000)
 tenured generation   total 48860K, used 45446K [0x29750000, 0x2c707000, 0x34200000)
   the space 48860K,  93% used [0x29750000, 0x2c3b19b8, 0x2c3b1a00, 0x2c707000)
 compacting perm gen  total 12288K, used 1784K [0x34200000, 0x34e00000, 0x38200000)
   the space 12288K,  14% used [0x34200000, 0x343be1b0, 0x343be200, 0x34e00000)
    ro space 10240K,  44% used [0x38200000, 0x3867aee0, 0x3867b000, 0x38c00000)
    rw space 12288K,  52% used [0x38c00000, 0x39242e10, 0x39243000, 0x39800000)
Event: 3.355 GC heap after
Heap after GC invocations=37 (full 3):
 def new generation   total 22016K, used 2432K [0x24200000, 0x259e0000, 0x29750000)
  eden space 19584K,   0% used [0x24200000, 0x24200000, 0x25520000)
  from space 2432K, 100% used [0x25780000, 0x259e0000, 0x259e0000)
  to   space 2432K,   0% used [0x25520000, 0x25520000, 0x25780000)
 tenured generation   total 48860K, used 48425K [0x29750000, 0x2c707000, 0x34200000)
   the space 48860K,  99% used [0x29750000, 0x2c69a6a8, 0x2c69a800, 0x2c707000)
 compacting perm gen  total 12288K, used 1784K [0x34200000, 0x34e00000, 0x38200000)
   the space 12288K,  14% used [0x34200000, 0x343be1b0, 0x343be200, 0x34e00000)
    ro space 10240K,  44% used [0x38200000, 0x3867aee0, 0x3867b000, 0x38c00000)
    rw space 12288K,  52% used [0x38c00000, 0x39242e10, 0x39243000, 0x39800000)
}
Event: 3.452 GC heap before
{Heap before GC invocations=37 (full 3):
 def new generation   total 22016K, used 22016K [0x24200000, 0x259e0000, 0x29750000)
  eden space 19584K, 100% used [0x24200000, 0x25520000, 0x25520000)
  from space 2432K, 100% used [0x25780000, 0x259e0000, 0x259e0000)
  to   space 2432K,   0% used [0x25520000, 0x25520000, 0x25780000)
 tenured generation   total 48860K, used 48425K [0x29750000, 0x2c707000, 0x34200000)
   the space 48860K,  99% used [0x29750000, 0x2c69a6a8, 0x2c69a800, 0x2c707000)
 compacting perm gen  total 12288K, used 1784K [0x34200000, 0x34e00000, 0x38200000)
   the space 12288K,  14% used [0x34200000, 0x343be1b0, 0x343be200, 0x34e00000)
    ro space 10240K,  44% used [0x38200000, 0x3867aee0, 0x3867b000, 0x38c00000)
    rw space 12288K,  52% used [0x38c00000, 0x39242e10, 0x39243000, 0x39800000)
Event: 3.703 GC heap after
Heap after GC invocations=38 (full 4):
 def new generation   total 22784K, used 190K [0x24200000, 0x25ab0000, 0x29750000)
  eden space 20288K,   0% used [0x24200000, 0x2422fb00, 0x255d0000)
  from space 2496K,   0% used [0x255d0000, 0x255d0000, 0x25840000)
  to   space 2496K,   0% used [0x25840000, 0x25840000, 0x25ab0000)
 tenured generation   total 50524K, used 50524K [0x29750000, 0x2c8a7000, 0x34200000)
   the space 50524K, 100% used [0x29750000, 0x2c8a7000, 0x2c8a7000, 0x2c8a7000)
 compacting perm gen  total 12288K, used 1781K [0x34200000, 0x34e00000, 0x38200000)
   the space 12288K,  14% used [0x34200000, 0x343bd7d8, 0x343bd800, 0x34e00000)
    ro space 10240K,  44% used [0x38200000, 0x3867aee0, 0x3867b000, 0x38c00000)
    rw space 12288K,  52% used [0x38c00000, 0x39242e10, 0x39243000, 0x39800000)
}
Event: 3.838 GC heap before
{Heap before GC invocations=38 (full 4):
 def new generation   total 22784K, used 20288K [0x24200000, 0x25ab0000, 0x29750000)
  eden space 20288K, 100% used [0x24200000, 0x255d0000, 0x255d0000)
  from space 2496K,   0% used [0x255d0000, 0x255d0000, 0x25840000)
  to   space 2496K,   0% used [0x25840000, 0x25840000, 0x25ab0000)
 tenured generation   total 50524K, used 50524K [0x29750000, 0x2c8a7000, 0x34200000)
   the space 50524K, 100% used [0x29750000, 0x2c8a7000, 0x2c8a7000, 0x2c8a7000)
 compacting perm gen  total 12288K, used 1782K [0x34200000, 0x34e00000, 0x38200000)
   the space 12288K,  14% used [0x34200000, 0x343bd878, 0x343bda00, 0x34e00000)
    ro space 10240K,  44% used [0x38200000, 0x3867aee0, 0x3867b000, 0x38c00000)
    rw space 12288K,  52% used [0x38c00000, 0x39242e10, 0x39243000, 0x39800000)
Event: 4.079 GC heap after
Heap after GC invocations=39 (full 5):
 def new generation   total 23104K, used 2459K [0x24200000, 0x25b10000, 0x29750000)
  eden space 20544K,  11% used [0x24200000, 0x24466ce8, 0x25610000)
  from space 2560K,   0% used [0x25610000, 0x25610000, 0x25890000)
  to   space 2560K,   0% used [0x25890000, 0x25890000, 0x25b10000)
 tenured generation   total 51292K, used 51239K [0x29750000, 0x2c967000, 0x34200000)
   the space 51292K,  99% used [0x29750000, 0x2c959d18, 0x2c959e00, 0x2c967000)
 compacting perm gen  total 12288K, used 1782K [0x34200000, 0x34e00000, 0x38200000)
   the space 12288K,  14% used [0x34200000, 0x343bd878, 0x343bda00, 0x34e00000)
    ro space 10240K,  44% used [0x38200000, 0x3867aee0, 0x3867b000, 0x38c00000)
    rw space 12288K,  52% used [0x38c00000, 0x39242e10, 0x39243000, 0x39800000)
}
Event: 4.170 GC heap before
{Heap before GC invocations=39 (full 5):
 def new generation   total 23104K, used 20544K [0x24200000, 0x25b10000, 0x29750000)
  eden space 20544K, 100% used [0x24200000, 0x25610000, 0x25610000)
  from space 2560K,   0% used [0x25610000, 0x25610000, 0x25890000)
  to   space 2560K,   0% used [0x25890000, 0x25890000, 0x25b10000)
 tenured generation   total 51292K, used 51239K [0x29750000, 0x2c967000, 0x34200000)
   the space 51292K,  99% used [0x29750000, 0x2c959d18, 0x2c959e00, 0x2c967000)
 compacting perm gen  total 12288K, used 1782K [0x34200000, 0x34e00000, 0x38200000)
   the space 12288K,  14% used [0x34200000, 0x343bd938, 0x343bda00, 0x34e00000)
    ro space 10240K,  44% used [0x38200000, 0x3867aee0, 0x3867b000, 0x38c00000)
    rw space 12288K,  52% used [0x38c00000, 0x39242e10, 0x39243000, 0x39800000)

