# JRE version: Java(TM) SE Runtime Environment (7.0_71-b14) (build 1.7.0_71-b14)
# Java VM: Java HotSpot(TM) Client VM (24.71-b01 mixed mode, sharing windows-x86 )
Heap
 def new generation   total 25664K, used 2816K [0x24200000, 0x25dd0000, 0x29750000)
  eden space 22848K,   0% used [0x24200000, 0x24200000, 0x25850000)
  from space 2816K, 100% used [0x25b10000, 0x25dd0000, 0x25dd0000)
  to   space 2816K,   0% used [0x25850000, 0x25850000, 0x25b10000)
 tenured generation   total 59168K, used 59146K [0x29750000, 0x2d118000, 0x34200000)
   the space 59168K,  99% used [0x29750000, 0x2d1128b8, 0x2d112a00, 0x2d118000)
 compacting perm gen  total 12288K, used 1782K [0x34200000, 0x34e00000, 0x38200000)
   the space 12288K,  14% used [0x34200000, 0x343bd988, 0x343bda00, 0x34e00000)
    ro space 10240K,  44% used [0x38200000, 0x3867aee0, 0x3867b000, 0x38c00000)
    rw space 12288K,  52% used [0x38c00000, 0x39242e10, 0x39243000, 0x39800000)
GC Heap History (10 events):
Event: 4.039 GC heap after
Heap after GC invocations=37 (full 3):
 def new generation   total 22080K, used 2188K [0x24200000, 0x259f0000, 0x29750000)
  eden space 19648K,   0% used [0x24200000, 0x24200000, 0x25530000)
  from space 2432K,  89% used [0x25790000, 0x259b3240, 0x259f0000)
  to   space 2432K,   0% used [0x25530000, 0x25530000, 0x25790000)
 tenured generation   total 48928K, used 48225K [0x29750000, 0x2c718000, 0x34200000)
   the space 48928K,  98% used [0x29750000, 0x2c6686c0, 0x2c668800, 0x2c718000)
 compacting perm gen  total 12288K, used 1784K [0x34200000, 0x34e00000, 0x38200000)
   the space 12288K,  14% used [0x34200000, 0x343be240, 0x343be400, 0x34e00000)
    ro space 10240K,  44% used [0x38200000, 0x3867aee0, 0x3867b000, 0x38c00000)
    rw space 12288K,  52% used [0x38c00000, 0x39242e10, 0x39243000, 0x39800000)
}
Event: 4.162 GC heap before
{Heap before GC invocations=37 (full 3):
 def new generation   total 22080K, used 21836K [0x24200000, 0x259f0000, 0x29750000)
  eden space 19648K, 100% used [0x24200000, 0x25530000, 0x25530000)
  from space 2432K,  89% used [0x25790000, 0x259b3240, 0x259f0000)
  to   space 2432K,   0% used [0x25530000, 0x25530000, 0x25790000)
 tenured generation   total 48928K, used 48225K [0x29750000, 0x2c718000, 0x34200000)
   the space 48928K,  98% used [0x29750000, 0x2c6686c0, 0x2c668800, 0x2c718000)
 compacting perm gen  total 12288K, used 1784K [0x34200000, 0x34e00000, 0x38200000)
   the space 12288K,  14% used [0x34200000, 0x343be250, 0x343be400, 0x34e00000)
    ro space 10240K,  44% used [0x38200000, 0x3867aee0, 0x3867b000, 0x38c00000)
    rw space 12288K,  52% used [0x38c00000, 0x39242e10, 0x39243000, 0x39800000)
Event: 4.482 GC heap after
Heap after GC invocations=38 (full 4):
 def new generation   total 22976K, used 9K [0x24200000, 0x25ae0000, 0x29750000)
  eden space 20480K,   0% used [0x24200000, 0x242024c8, 0x25600000)
  from space 2496K,   0% used [0x25600000, 0x25600000, 0x25870000)
  to   space 2496K,   0% used [0x25870000, 0x25870000, 0x25ae0000)
 tenured generation   total 50848K, used 50847K [0x29750000, 0x2c8f8000, 0x34200000)
   the space 50848K,  99% used [0x29750000, 0x2c8f7fe8, 0x2c8f8000, 0x2c8f8000)
 compacting perm gen  total 12288K, used 1781K [0x34200000, 0x34e00000, 0x38200000)
   the space 12288K,  14% used [0x34200000, 0x343bd7f8, 0x343bd800, 0x34e00000)
    ro space 10240K,  44% used [0x38200000, 0x3867aee0, 0x3867b000, 0x38c00000)
    rw space 12288K,  52% used [0x38c00000, 0x39242e10, 0x39243000, 0x39800000)
}
Event: 4.614 GC heap before
{Heap before GC invocations=38 (full 4):
 def new generation   total 22976K, used 20480K [0x24200000, 0x25ae0000, 0x29750000)
  eden space 20480K, 100% used [0x24200000, 0x25600000, 0x25600000)
  from space 2496K,   0% used [0x25600000, 0x25600000, 0x25870000)
  to   space 2496K,   0% used [0x25870000, 0x25870000, 0x25ae0000)
 tenured generation   total 50848K, used 50847K [0x29750000, 0x2c8f8000, 0x34200000)
   the space 50848K,  99% used [0x29750000, 0x2c8f7fe8, 0x2c8f8000, 0x2c8f8000)
 compacting perm gen  total 12288K, used 1782K [0x34200000, 0x34e00000, 0x38200000)
   the space 12288K,  14% used [0x34200000, 0x343bd888, 0x343bda00, 0x34e00000)
    ro space 10240K,  44% used [0x38200000, 0x3867aee0, 0x3867b000, 0x38c00000)
    rw space 12288K,  52% used [0x38c00000, 0x39242e10, 0x39243000, 0x39800000)
Event: 4.934 GC heap after
Heap after GC invocations=39 (full 5):
 def new generation   total 23232K, used 2450K [0x24200000, 0x25b30000, 0x29750000)
  eden space 20672K,  11% used [0x24200000, 0x244649b0, 0x25630000)
  from space 2560K,   0% used [0x25630000, 0x25630000, 0x258b0000)
  to   space 2560K,   0% used [0x258b0000, 0x258b0000, 0x25b30000)
 tenured generation   total 51488K, used 51443K [0x29750000, 0x2c998000, 0x34200000)
   the space 51488K,  99% used [0x29750000, 0x2c98cc40, 0x2c98ce00, 0x2c998000)
 compacting perm gen  total 12288K, used 1782K [0x34200000, 0x34e00000, 0x38200000)
   the space 12288K,  14% used [0x34200000, 0x343bd888, 0x343bda00, 0x34e00000)
    ro space 10240K,  44% used [0x38200000, 0x3867aee0, 0x3867b000, 0x38c00000)
    rw space 12288K,  52% used [0x38c00000, 0x39242e10, 0x39243000, 0x39800000)
}
Event: 5.202 GC heap before
{Heap before GC invocations=39 (full 5):
 def new generation   total 23232K, used 20672K [0x24200000, 0x25b30000, 0x29750000)
  eden space 20672K, 100% used [0x24200000, 0x25630000, 0x25630000)
  from space 2560K,   0% used [0x25630000, 0x25630000, 0x258b0000)
  to   space 2560K,   0% used [0x258b0000, 0x258b0000, 0x25b30000)
 tenured generation   total 51488K, used 51443K [0x29750000, 0x2c998000, 0x34200000)
   the space 51488K,  99% used [0x29750000, 0x2c98cc40, 0x2c98ce00, 0x2c998000)
 compacting perm gen  total 12288K, used 1782K [0x34200000, 0x34e00000, 0x38200000)
   the space 12288K,  14% used [0x34200000, 0x343bd948, 0x343bda00, 0x34e00000)
    ro space 10240K,  44% used [0x38200000, 0x3867aee0, 0x3867b000, 0x38c00000)
    rw space 12288K,  52% used [0x38c00000, 0x39242e10, 0x39243000, 0x39800000)
Event: 5.524 GC heap after
Heap after GC invocations=40 (full 6):
 def new generation   total 24320K, used 2511K [0x24200000, 0x25c60000, 0x29750000)
  eden space 21632K,  11% used [0x24200000, 0x24473e88, 0x25720000)
  from space 2688K,   0% used [0x25720000, 0x25720000, 0x259c0000)
  to   space 2688K,   0% used [0x259c0000, 0x259c0000, 0x25c60000)
 tenured generation   total 53920K, used 53917K [0x29750000, 0x2cbf8000, 0x34200000)
   the space 53920K,  99% used [0x29750000, 0x2cbf76e0, 0x2cbf7800, 0x2cbf8000)
 compacting perm gen  total 12288K, used 1782K [0x34200000, 0x34e00000, 0x38200000)
   the space 12288K,  14% used [0x34200000, 0x343bd948, 0x343bda00, 0x34e00000)
    ro space 10240K,  44% used [0x38200000, 0x3867aee0, 0x3867b000, 0x38c00000)
    rw space 12288K,  52% used [0x38c00000, 0x39242e10, 0x39243000, 0x39800000)
}
Event: 5.649 GC heap before
{Heap before GC invocations=40 (full 6):
 def new generation   total 24320K, used 21632K [0x24200000, 0x25c60000, 0x29750000)
  eden space 21632K, 100% used [0x24200000, 0x25720000, 0x25720000)
  from space 2688K,   0% used [0x25720000, 0x25720000, 0x259c0000)
  to   space 2688K,   0% used [0x259c0000, 0x259c0000, 0x25c60000)
 tenured generation   total 53920K, used 53917K [0x29750000, 0x2cbf8000, 0x34200000)
   the space 53920K,  99% used [0x29750000, 0x2cbf76e0, 0x2cbf7800, 0x2cbf8000)
 compacting perm gen  total 12288K, used 1782K [0x34200000, 0x34e00000, 0x38200000)
   the space 12288K,  14% used [0x34200000, 0x343bd948, 0x343bda00, 0x34e00000)
    ro space 10240K,  44% used [0x38200000, 0x3867aee0, 0x3867b000, 0x38c00000)
    rw space 12288K,  52% used [0x38c00000, 0x39242e10, 0x39243000, 0x39800000)
Event: 6.008 GC heap after
Heap after GC invocations=41 (full 7):
 def new generation   total 25664K, used 2589K [0x24200000, 0x25dd0000, 0x29750000)
  eden space 22848K,  11% used [0x24200000, 0x24487780, 0x25850000)
  from space 2816K,   0% used [0x25850000, 0x25850000, 0x25b10000)
  to   space 2816K,   0% used [0x25b10000, 0x25b10000, 0x25dd0000)
 tenured generation   total 56864K, used 56861K [0x29750000, 0x2ced8000, 0x34200000)
   the space 56864K,  99% used [0x29750000, 0x2ced76f8, 0x2ced7800, 0x2ced8000)
 compacting perm gen  total 12288K, used 1782K [0x34200000, 0x34e00000, 0x38200000)
   the space 12288K,  14% used [0x34200000, 0x343bd948, 0x343bda00, 0x34e00000)
    ro space 10240K,  44% used [0x38200000, 0x3867aee0, 0x3867b000, 0x38c00000)
    rw space 12288K,  52% used [0x38c00000, 0x39242e10, 0x39243000, 0x39800000)
}
Event: 6.108 GC heap before
{Heap before GC invocations=41 (full 7):
 def new generation   total 25664K, used 22848K [0x24200000, 0x25dd0000, 0x29750000)
  eden space 22848K, 100% used [0x24200000, 0x25850000, 0x25850000)
  from space 2816K,   0% used [0x25850000, 0x25850000, 0x25b10000)
  to   space 2816K,   0% used [0x25b10000, 0x25b10000, 0x25dd0000)
 tenured generation   total 56864K, used 56861K [0x29750000, 0x2ced8000, 0x34200000)
   the space 56864K,  99% used [0x29750000, 0x2ced76f8, 0x2ced7800, 0x2ced8000)
 compacting perm gen  total 12288K, used 1782K [0x34200000, 0x34e00000, 0x38200000)
   the space 12288K,  14% used [0x34200000, 0x343bd988, 0x343bda00, 0x34e00000)
    ro space 10240K,  44% used [0x38200000, 0x3867aee0, 0x3867b000, 0x38c00000)
    rw space 12288K,  52% used [0x38c00000, 0x39242e10, 0x39243000, 0x39800000)

